13:35:04.555 [main] INFO  n.fastform.xmlcore.TestGenerateUtils - 数据开始读取
13:35:25.963 [main] INFO  n.fastform.xmlcore.TestGenerateUtils - 数据开始读取
13:36:04.531 [main] INFO  n.fastform.xmlcore.TestGenerateUtils - 数据开始读取
13:39:06.819 [main] INFO  n.fastform.xmlcore.TestGenerateUtils - 数据开始读取
13:39:06.916 [main] INFO  n.fastform.xmlcore.TestGenerateUtils - DM20FormBean上有FastForm注解
13:39:06.919 [main] INFO  n.fastform.xmlcore.TestGenerateUtils - studentBean字段:它是FormBean中的字段对应的实体类在定义时标注了@FastEntity注解
13:39:06.919 [main] INFO  n.fastform.xmlcore.TestGenerateUtils - StudentBean
13:39:06.969 [main] INFO  n.fastform.xmlcore.TestGenerateUtils - ===>getDataForFormBean读取成功
13:39:06.969 [main] INFO  n.fastform.xmlcore.TestGenerateUtils - 数据开始读取
13:39:07.023 [main] INFO  n.fastform.xmlcore.TestGenerateUtils - ===>getDataForEntityBean读取成功
13:39:07.023 [main] INFO  n.fastform.xmlcore.TestGenerateUtils - src/main/java/nextone/fastform/xml/DM21FormBean.xml
13:39:07.082 [main] INFO  n.fastform.xmlcore.TestGenerateUtils - ===>getDataForSearchForm读取成功
13:39:07.083 [main] INFO  n.f.x.TestGenFastFormRelFileUtils - formBeanFullClassPath:nextone.master.bean.DM20FormBean
13:39:07.083 [main] INFO  n.f.x.TestGenFastFormRelFileUtils - entityBeanFullClassPath:nextone.master.bean.StudentBean
13:39:07.083 [main] INFO  n.f.x.TestGenFastFormRelFileUtils - searchFormBeanFullClassPath:nextone.master.bean.DM21FormBean
13:39:07.086 [main] INFO  n.fastform.xmlcore.TestGenerateUtils - 数据开始读取
13:39:07.092 [main] INFO  n.fastform.xmlcore.TestGenerateUtils - DM20FormBean上有FastForm注解
13:39:07.092 [main] INFO  n.fastform.xmlcore.TestGenerateUtils - studentBean字段:它是FormBean中的字段对应的实体类在定义时标注了@FastEntity注解
13:39:07.092 [main] INFO  n.fastform.xmlcore.TestGenerateUtils - StudentBean
13:39:07.131 [main] INFO  n.fastform.xmlcore.TestGenerateUtils - ===>getDataForFormBean读取成功
13:39:07.132 [main] INFO  n.f.xmlcore.TestGenFormBeanUtils - pgmCd is :DM20
13:39:07.724 [main] INFO  n.fastform.xmlcore.TestGenerateUtils - 数据开始读取
13:39:07.729 [main] INFO  n.fastform.xmlcore.TestGenerateUtils - DM20FormBean上有FastForm注解
13:39:07.729 [main] INFO  n.fastform.xmlcore.TestGenerateUtils - studentBean字段:它是FormBean中的字段对应的实体类在定义时标注了@FastEntity注解
13:39:07.729 [main] INFO  n.fastform.xmlcore.TestGenerateUtils - StudentBean
13:39:07.759 [main] INFO  n.fastform.xmlcore.TestGenerateUtils - ===>getDataForFormBean读取成功
13:39:07.810 [main] INFO  n.fastform.xmlcore.TestGenerateUtils - 数据开始读取
13:39:07.816 [main] INFO  n.fastform.xmlcore.TestGenerateUtils - DM20FormBean上有FastForm注解
13:39:07.816 [main] INFO  n.fastform.xmlcore.TestGenerateUtils - studentBean字段:它是FormBean中的字段对应的实体类在定义时标注了@FastEntity注解
13:39:07.816 [main] INFO  n.fastform.xmlcore.TestGenerateUtils - StudentBean
13:39:07.843 [main] INFO  n.fastform.xmlcore.TestGenerateUtils - ===>getDataForFormBean读取成功
13:39:07.852 [main] INFO  n.fastform.xmlcore.TestGenerateUtils - 数据开始读取
13:39:07.856 [main] INFO  n.fastform.xmlcore.TestGenerateUtils - DM20FormBean上有FastForm注解
13:39:07.857 [main] INFO  n.fastform.xmlcore.TestGenerateUtils - studentBean字段:它是FormBean中的字段对应的实体类在定义时标注了@FastEntity注解
13:39:07.857 [main] INFO  n.fastform.xmlcore.TestGenerateUtils - StudentBean
13:39:07.881 [main] INFO  n.fastform.xmlcore.TestGenerateUtils - ===>getDataForFormBean读取成功
13:39:07.908 [main] INFO  n.fastform.xmlcore.TestGenerateUtils - 数据开始读取
13:39:07.913 [main] INFO  n.fastform.xmlcore.TestGenerateUtils - DM20FormBean上有FastForm注解
13:39:07.913 [main] INFO  n.fastform.xmlcore.TestGenerateUtils - studentBean字段:它是FormBean中的字段对应的实体类在定义时标注了@FastEntity注解
13:39:07.913 [main] INFO  n.fastform.xmlcore.TestGenerateUtils - StudentBean
13:39:07.941 [main] INFO  n.fastform.xmlcore.TestGenerateUtils - ===>getDataForFormBean读取成功
13:39:07.955 [main] INFO  n.fastform.xmlcore.TestGenerateUtils - 数据开始读取
13:39:07.960 [main] INFO  n.fastform.xmlcore.TestGenerateUtils - DM20FormBean上有FastForm注解
13:39:07.960 [main] INFO  n.fastform.xmlcore.TestGenerateUtils - studentBean字段:它是FormBean中的字段对应的实体类在定义时标注了@FastEntity注解
13:39:07.960 [main] INFO  n.fastform.xmlcore.TestGenerateUtils - StudentBean
13:39:07.989 [main] INFO  n.fastform.xmlcore.TestGenerateUtils - ===>getDataForFormBean读取成功
13:39:08.030 [main] INFO  n.fastform.xmlcore.TestGenerateUtils - 数据开始读取
13:39:08.036 [main] INFO  n.fastform.xmlcore.TestGenerateUtils - DM20FormBean上有FastForm注解
13:39:08.037 [main] INFO  n.fastform.xmlcore.TestGenerateUtils - studentBean字段:它是FormBean中的字段对应的实体类在定义时标注了@FastEntity注解
13:39:08.037 [main] INFO  n.fastform.xmlcore.TestGenerateUtils - StudentBean
13:39:08.068 [main] INFO  n.fastform.xmlcore.TestGenerateUtils - ===>getDataForFormBean读取成功
13:39:08.088 [main] INFO  n.fastform.xmlcore.TestGenerateUtils - 数据开始读取
13:39:08.092 [main] INFO  n.fastform.xmlcore.TestGenerateUtils - DM20FormBean上有FastForm注解
13:39:08.093 [main] INFO  n.fastform.xmlcore.TestGenerateUtils - studentBean字段:它是FormBean中的字段对应的实体类在定义时标注了@FastEntity注解
13:39:08.093 [main] INFO  n.fastform.xmlcore.TestGenerateUtils - StudentBean
13:39:08.121 [main] INFO  n.fastform.xmlcore.TestGenerateUtils - ===>getDataForFormBean读取成功
13:39:08.132 [main] INFO  n.f.x.TestGenFastFormRelFileUtils - ------------------FormBean相关文件生成完成------------------
13:39:08.136 [main] INFO  n.fastform.xmlcore.TestGenerateUtils - 数据开始读取
13:39:08.173 [main] INFO  n.fastform.xmlcore.TestGenerateUtils - ===>getDataForEntityBean读取成功
13:39:08.173 [main] INFO  n.f.xmlcore.TestGenEntityBeanUtils - EntityBean is :StudentBean
13:39:08.211 [main] INFO  n.fastform.xmlcore.TestGenerateUtils - 数据开始读取
13:39:08.250 [main] INFO  n.fastform.xmlcore.TestGenerateUtils - ===>getDataForEntityBean读取成功
13:39:08.251 [main] INFO  n.f.xmlcore.TestGenEntityBeanUtils - EntityName is:Student
13:39:08.271 [main] INFO  n.fastform.xmlcore.TestGenerateUtils - 数据开始读取
13:39:08.310 [main] INFO  n.fastform.xmlcore.TestGenerateUtils - ===>getDataForEntityBean读取成功
13:39:08.327 [main] INFO  n.fastform.xmlcore.TestGenerateUtils - 数据开始读取
13:39:08.360 [main] INFO  n.fastform.xmlcore.TestGenerateUtils - ===>getDataForEntityBean读取成功
13:39:08.375 [main] INFO  n.fastform.xmlcore.TestGenerateUtils - 数据开始读取
13:39:08.405 [main] INFO  n.fastform.xmlcore.TestGenerateUtils - ===>getDataForEntityBean读取成功
13:39:08.448 [main] INFO  n.fastform.xmlcore.TestGenerateUtils - 数据开始读取
13:39:08.482 [main] INFO  n.fastform.xmlcore.TestGenerateUtils - ===>getDataForEntityBean读取成功
13:39:08.518 [main] INFO  n.fastform.xmlcore.TestGenerateUtils - 数据开始读取
13:39:08.549 [main] INFO  n.fastform.xmlcore.TestGenerateUtils - ===>getDataForEntityBean读取成功
13:39:08.574 [main] INFO  n.fastform.xmlcore.TestGenerateUtils - 数据开始读取
13:39:08.612 [main] INFO  n.fastform.xmlcore.TestGenerateUtils - ===>getDataForEntityBean读取成功
13:39:08.624 [main] INFO  n.f.x.TestGenFastFormRelFileUtils - ------------------EntityBeanAndDb相关文件生成完成------------------
13:39:08.627 [main] INFO  n.fastform.xmlcore.TestGenerateUtils - src/main/java/nextone/fastform/xml/DM21FormBean.xml
13:39:08.666 [main] INFO  n.fastform.xmlcore.TestGenerateUtils - ===>getDataForSearchForm读取成功
13:39:08.667 [main] INFO  n.f.xmlcore.TestGenSearchFormUtils - 数据获取成功
13:39:08.682 [main] INFO  n.fastform.xmlcore.TestGenerateUtils - src/main/java/nextone/fastform/xml/DM21FormBean.xml
13:39:08.717 [main] INFO  n.fastform.xmlcore.TestGenerateUtils - ===>getDataForSearchForm读取成功
13:39:08.758 [main] INFO  n.fastform.xmlcore.TestGenerateUtils - src/main/java/nextone/fastform/xml/DM21FormBean.xml
13:39:08.793 [main] INFO  n.fastform.xmlcore.TestGenerateUtils - ===>getDataForSearchForm读取成功
13:39:08.812 [main] INFO  n.fastform.xmlcore.TestGenerateUtils - src/main/java/nextone/fastform/xml/DM21FormBean.xml
13:39:08.845 [main] INFO  n.fastform.xmlcore.TestGenerateUtils - ===>getDataForSearchForm读取成功
13:39:08.852 [main] INFO  n.fastform.xmlcore.TestGenerateUtils - src/main/java/nextone/fastform/xml/DM21FormBean.xml
13:39:08.882 [main] INFO  n.fastform.xmlcore.TestGenerateUtils - ===>getDataForSearchForm读取成功
13:39:08.891 [main] INFO  n.f.x.TestGenFastFormRelFileUtils - ------------------SearchFormBean相关文件生成完成------------------
13:39:31.303 [main] INFO  n.fastform.xmlcore.TestGenerateUtils - 数据开始读取
13:39:31.379 [main] INFO  n.fastform.xmlcore.TestGenerateUtils - DM20FormBean上有FastForm注解
13:39:31.381 [main] INFO  n.fastform.xmlcore.TestGenerateUtils - studentBean字段:它是FormBean中的字段对应的实体类在定义时标注了@FastEntity注解
13:39:31.381 [main] INFO  n.fastform.xmlcore.TestGenerateUtils - StudentBean
13:39:31.416 [main] INFO  n.fastform.xmlcore.TestGenerateUtils - ===>getDataForFormBean读取成功
13:39:31.416 [main] INFO  n.fastform.xmlcore.TestGenerateUtils - 数据开始读取
13:39:31.458 [main] INFO  n.fastform.xmlcore.TestGenerateUtils - ===>getDataForEntityBean读取成功
13:39:31.458 [main] INFO  n.fastform.xmlcore.TestGenerateUtils - src/main/java/nextone/fastform/xml/DM21FormBean.xml
13:39:31.504 [main] INFO  n.fastform.xmlcore.TestGenerateUtils - ===>getDataForSearchForm读取成功
13:39:31.505 [main] INFO  n.f.x.TestGenFastFormRelFileUtils - formBeanFullClassPath:nextone.master.bean.DM20FormBean
13:39:31.505 [main] INFO  n.f.x.TestGenFastFormRelFileUtils - entityBeanFullClassPath:nextone.master.bean.StudentBean
13:39:31.505 [main] INFO  n.f.x.TestGenFastFormRelFileUtils - searchFormBeanFullClassPath:nextone.master.bean.DM21FormBean
13:39:31.506 [main] INFO  n.fastform.xmlcore.TestGenerateUtils - 数据开始读取
13:39:31.511 [main] INFO  n.fastform.xmlcore.TestGenerateUtils - DM20FormBean上有FastForm注解
13:39:31.511 [main] INFO  n.fastform.xmlcore.TestGenerateUtils - studentBean字段:它是FormBean中的字段对应的实体类在定义时标注了@FastEntity注解
13:39:31.512 [main] INFO  n.fastform.xmlcore.TestGenerateUtils - StudentBean
13:39:31.545 [main] INFO  n.fastform.xmlcore.TestGenerateUtils - ===>getDataForFormBean读取成功
13:39:31.545 [main] INFO  n.f.xmlcore.TestGenFormBeanUtils - pgmCd is :DM20
13:39:32.087 [main] INFO  n.fastform.xmlcore.TestGenerateUtils - 数据开始读取
13:39:32.091 [main] INFO  n.fastform.xmlcore.TestGenerateUtils - DM20FormBean上有FastForm注解
13:39:32.091 [main] INFO  n.fastform.xmlcore.TestGenerateUtils - studentBean字段:它是FormBean中的字段对应的实体类在定义时标注了@FastEntity注解
13:39:32.092 [main] INFO  n.fastform.xmlcore.TestGenerateUtils - StudentBean
13:39:32.115 [main] INFO  n.fastform.xmlcore.TestGenerateUtils - ===>getDataForFormBean读取成功
13:39:32.161 [main] INFO  n.fastform.xmlcore.TestGenerateUtils - 数据开始读取
13:39:32.166 [main] INFO  n.fastform.xmlcore.TestGenerateUtils - DM20FormBean上有FastForm注解
13:39:32.166 [main] INFO  n.fastform.xmlcore.TestGenerateUtils - studentBean字段:它是FormBean中的字段对应的实体类在定义时标注了@FastEntity注解
13:39:32.167 [main] INFO  n.fastform.xmlcore.TestGenerateUtils - StudentBean
13:39:32.189 [main] INFO  n.fastform.xmlcore.TestGenerateUtils - ===>getDataForFormBean读取成功
13:39:32.198 [main] INFO  n.fastform.xmlcore.TestGenerateUtils - 数据开始读取
13:39:32.202 [main] INFO  n.fastform.xmlcore.TestGenerateUtils - DM20FormBean上有FastForm注解
13:39:32.203 [main] INFO  n.fastform.xmlcore.TestGenerateUtils - studentBean字段:它是FormBean中的字段对应的实体类在定义时标注了@FastEntity注解
13:39:32.203 [main] INFO  n.fastform.xmlcore.TestGenerateUtils - StudentBean
13:39:32.227 [main] INFO  n.fastform.xmlcore.TestGenerateUtils - ===>getDataForFormBean读取成功
13:39:32.253 [main] INFO  n.fastform.xmlcore.TestGenerateUtils - 数据开始读取
13:39:32.257 [main] INFO  n.fastform.xmlcore.TestGenerateUtils - DM20FormBean上有FastForm注解
13:39:32.257 [main] INFO  n.fastform.xmlcore.TestGenerateUtils - studentBean字段:它是FormBean中的字段对应的实体类在定义时标注了@FastEntity注解
13:39:32.258 [main] INFO  n.fastform.xmlcore.TestGenerateUtils - StudentBean
13:39:32.282 [main] INFO  n.fastform.xmlcore.TestGenerateUtils - ===>getDataForFormBean读取成功
13:39:32.295 [main] INFO  n.fastform.xmlcore.TestGenerateUtils - 数据开始读取
13:39:32.299 [main] INFO  n.fastform.xmlcore.TestGenerateUtils - DM20FormBean上有FastForm注解
13:39:32.300 [main] INFO  n.fastform.xmlcore.TestGenerateUtils - studentBean字段:它是FormBean中的字段对应的实体类在定义时标注了@FastEntity注解
13:39:32.300 [main] INFO  n.fastform.xmlcore.TestGenerateUtils - StudentBean
13:39:32.326 [main] INFO  n.fastform.xmlcore.TestGenerateUtils - ===>getDataForFormBean读取成功
13:39:32.366 [main] INFO  n.fastform.xmlcore.TestGenerateUtils - 数据开始读取
13:39:32.372 [main] INFO  n.fastform.xmlcore.TestGenerateUtils - DM20FormBean上有FastForm注解
13:39:32.373 [main] INFO  n.fastform.xmlcore.TestGenerateUtils - studentBean字段:它是FormBean中的字段对应的实体类在定义时标注了@FastEntity注解
13:39:32.373 [main] INFO  n.fastform.xmlcore.TestGenerateUtils - StudentBean
13:39:32.401 [main] INFO  n.fastform.xmlcore.TestGenerateUtils - ===>getDataForFormBean读取成功
13:39:32.418 [main] INFO  n.fastform.xmlcore.TestGenerateUtils - 数据开始读取
13:39:32.422 [main] INFO  n.fastform.xmlcore.TestGenerateUtils - DM20FormBean上有FastForm注解
13:39:32.423 [main] INFO  n.fastform.xmlcore.TestGenerateUtils - studentBean字段:它是FormBean中的字段对应的实体类在定义时标注了@FastEntity注解
13:39:32.423 [main] INFO  n.fastform.xmlcore.TestGenerateUtils - StudentBean
13:39:32.449 [main] INFO  n.fastform.xmlcore.TestGenerateUtils - ===>getDataForFormBean读取成功
13:39:32.458 [main] INFO  n.f.x.TestGenFastFormRelFileUtils - ------------------FormBean相关文件生成完成------------------
13:39:32.460 [main] INFO  n.fastform.xmlcore.TestGenerateUtils - 数据开始读取
13:39:32.495 [main] INFO  n.fastform.xmlcore.TestGenerateUtils - ===>getDataForEntityBean读取成功
13:39:32.495 [main] INFO  n.f.xmlcore.TestGenEntityBeanUtils - EntityBean is :StudentBean
13:39:32.527 [main] INFO  n.fastform.xmlcore.TestGenerateUtils - 数据开始读取
13:39:32.563 [main] INFO  n.fastform.xmlcore.TestGenerateUtils - ===>getDataForEntityBean读取成功
13:39:32.563 [main] INFO  n.f.xmlcore.TestGenEntityBeanUtils - EntityName is:Student
13:39:32.584 [main] INFO  n.fastform.xmlcore.TestGenerateUtils - 数据开始读取
13:39:32.620 [main] INFO  n.fastform.xmlcore.TestGenerateUtils - ===>getDataForEntityBean读取成功
13:39:32.636 [main] INFO  n.fastform.xmlcore.TestGenerateUtils - 数据开始读取
13:39:32.661 [main] INFO  n.fastform.xmlcore.TestGenerateUtils - ===>getDataForEntityBean读取成功
13:39:32.676 [main] INFO  n.fastform.xmlcore.TestGenerateUtils - 数据开始读取
13:39:32.702 [main] INFO  n.fastform.xmlcore.TestGenerateUtils - ===>getDataForEntityBean读取成功
13:39:32.747 [main] INFO  n.fastform.xmlcore.TestGenerateUtils - 数据开始读取
13:39:32.784 [main] INFO  n.fastform.xmlcore.TestGenerateUtils - ===>getDataForEntityBean读取成功
13:39:32.821 [main] INFO  n.fastform.xmlcore.TestGenerateUtils - 数据开始读取
13:39:32.847 [main] INFO  n.fastform.xmlcore.TestGenerateUtils - ===>getDataForEntityBean读取成功
13:39:32.867 [main] INFO  n.fastform.xmlcore.TestGenerateUtils - 数据开始读取
13:39:32.899 [main] INFO  n.fastform.xmlcore.TestGenerateUtils - ===>getDataForEntityBean读取成功
13:39:32.909 [main] INFO  n.f.x.TestGenFastFormRelFileUtils - ------------------EntityBeanAndDb相关文件生成完成------------------
13:39:32.912 [main] INFO  n.fastform.xmlcore.TestGenerateUtils - src/main/java/nextone/fastform/xml/DM21FormBean.xml
13:39:32.949 [main] INFO  n.fastform.xmlcore.TestGenerateUtils - ===>getDataForSearchForm读取成功
13:39:32.950 [main] INFO  n.f.xmlcore.TestGenSearchFormUtils - 数据获取成功
13:39:32.963 [main] INFO  n.fastform.xmlcore.TestGenerateUtils - src/main/java/nextone/fastform/xml/DM21FormBean.xml
13:39:32.993 [main] INFO  n.fastform.xmlcore.TestGenerateUtils - ===>getDataForSearchForm读取成功
13:39:33.021 [main] INFO  n.fastform.xmlcore.TestGenerateUtils - src/main/java/nextone/fastform/xml/DM21FormBean.xml
13:39:33.051 [main] INFO  n.fastform.xmlcore.TestGenerateUtils - ===>getDataForSearchForm读取成功
13:39:33.069 [main] INFO  n.fastform.xmlcore.TestGenerateUtils - src/main/java/nextone/fastform/xml/DM21FormBean.xml
13:39:33.096 [main] INFO  n.fastform.xmlcore.TestGenerateUtils - ===>getDataForSearchForm读取成功
13:39:33.104 [main] INFO  n.fastform.xmlcore.TestGenerateUtils - src/main/java/nextone/fastform/xml/DM21FormBean.xml
13:39:33.137 [main] INFO  n.fastform.xmlcore.TestGenerateUtils - ===>getDataForSearchForm读取成功
13:39:33.146 [main] INFO  n.f.x.TestGenFastFormRelFileUtils - ------------------SearchFormBean相关文件生成完成------------------
